0 verbose cli C:\Program Files\nodejs\node.exe C:\Program Files\nodejs\node_modules\npm\bin\npm-cli.js
1 info using npm@10.9.2
2 info using node@v22.17.0
3 silly config load:file:C:\Program Files\nodejs\node_modules\npm\npmrc
4 silly config load:file:D:\MERAKI_Academy\Projects\MERAKI_Academy_Project_4\.npmrc
5 silly config load:file:C:\Users\LENOVO\.npmrc
6 silly config load:file:C:\Users\LENOVO\AppData\Roaming\npm\etc\npmrc
7 verbose title npm run build
8 verbose argv "run" "build"
9 verbose logfile logs-max:10 dir:D:\MERAKI_Academy\Projects\MERAKI_Academy_Project_4\npm-cache\_logs\2025-08-27T00_39_28_408Z-
10 verbose logfile D:\MERAKI_Academy\Projects\MERAKI_Academy_Project_4\npm-cache\_logs\2025-08-27T00_39_28_408Z-debug-0.log
11 silly logfile done cleaning log files
12 verbose stack Error: Missing script: "build"
12 verbose stack
12 verbose stack To see a list of scripts, run:
12 verbose stack   npm run
12 verbose stack     at #run (C:\Program Files\nodejs\node_modules\npm\lib\commands\run-script.js:111:13)
12 verbose stack     at async RunScript.exec (C:\Program Files\nodejs\node_modules\npm\lib\commands\run-script.js:40:7)
12 verbose stack     at async Npm.exec (C:\Program Files\nodejs\node_modules\npm\lib\npm.js:207:9)
12 verbose stack     at async module.exports (C:\Program Files\nodejs\node_modules\npm\lib\cli\entry.js:74:5)
13 error Missing script: "build"
13 error
13 error To see a list of scripts, run:
13 error   npm run
14 verbose cwd D:\MERAKI_Academy\Projects\MERAKI_Academy_Project_4
15 verbose os Windows_NT 10.0.19045
16 verbose node v22.17.0
17 verbose npm  v10.9.2
18 verbose exit 1
19 verbose code 1
20 error A complete log of this run can be found in: D:\MERAKI_Academy\Projects\MERAKI_Academy_Project_4\npm-cache\_logs\2025-08-27T00_39_28_408Z-debug-0.log
