0 verbose cli C:\Program Files\nodejs\node.exe C:\Program Files\nodejs\node_modules\npm\bin\npm-cli.js
1 info using npm@10.9.2
2 info using node@v22.17.0
3 silly config load:file:C:\Program Files\nodejs\node_modules\npm\npmrc
4 silly config load:file:d:\MERAKI_Academy\Projects\MERAKI_Academy_Project_4\backend\.npmrc
5 silly config load:file:C:\Users\LENOVO\.npmrc
6 silly config load:file:C:\Users\LENOVO\AppData\Roaming\npm\etc\npmrc
7 verbose title npm view bcryptjs description dist-tags.latest homepage version time
8 verbose argv "view" "--json" "--" "bcryptjs" "description" "dist-tags.latest" "homepage" "version" "time"
9 verbose logfile logs-max:10 dir:D:\MERAKI_Academy\Projects\MERAKI_Academy_Project_4\backend\npm-cache\_logs\2025-08-26T16_21_24_793Z-
10 verbose logfile D:\MERAKI_Academy\Projects\MERAKI_Academy_Project_4\backend\npm-cache\_logs\2025-08-26T16_21_24_793Z-debug-0.log
11 silly logfile start cleaning logs, removing 1 files
12 silly logfile done cleaning log files
13 http fetch GET 200 https://registry.npmjs.org/bcryptjs 503ms (cache revalidated)
14 verbose cwd d:\MERAKI_Academy\Projects\MERAKI_Academy_Project_4\backend
15 verbose os Windows_NT 10.0.19045
16 verbose node v22.17.0
17 verbose npm  v10.9.2
18 verbose exit 0
19 info ok
