0 verbose cli C:\Program Files\nodejs\node.exe C:\Program Files\nodejs\node_modules\npm\bin\npm-cli.js
1 info using npm@10.9.2
2 info using node@v22.17.0
3 silly config load:file:C:\Program Files\nodejs\node_modules\npm\npmrc
4 silly config load:file:D:\MERAKI_Academy\Projects\MERAKI_Academy_Project_4\backend\.npmrc
5 silly config load:file:C:\Users\LENOVO\.npmrc
6 silly config load:file:C:\Users\LENOVO\AppData\Roaming\npm\etc\npmrc
7 verbose title npm uninstall bcryptjs
8 verbose argv "uninstall" "bcryptjs"
9 verbose logfile logs-max:10 dir:D:\MERAKI_Academy\Projects\MERAKI_Academy_Project_4\backend\npm-cache\_logs\2025-08-26T16_21_34_192Z-
10 verbose logfile D:\MERAKI_Academy\Projects\MERAKI_Academy_Project_4\backend\npm-cache\_logs\2025-08-26T16_21_34_192Z-debug-0.log
11 silly logfile start cleaning logs, removing 1 files
12 silly packumentCache heap:2197815296 maxSize:549453824 maxEntrySize:274726912
13 silly logfile done cleaning log files
14 verbose shrinkwrap failed to load node_modules/.package-lock.json out of date, updated: node_modules
15 silly idealTree buildDeps
16 silly reify mark retired [
16 silly reify   'D:\\MERAKI_Academy\\Projects\\MERAKI_Academy_Project_4\\backend\\node_modules\\bcryptjs',
16 silly reify   'D:\\MERAKI_Academy\\Projects\\MERAKI_Academy_Project_4\\backend\\node_modules\\.bin\\bcrypt',
16 silly reify   'D:\\MERAKI_Academy\\Projects\\MERAKI_Academy_Project_4\\backend\\node_modules\\.bin\\bcrypt.cmd',
16 silly reify   'D:\\MERAKI_Academy\\Projects\\MERAKI_Academy_Project_4\\backend\\node_modules\\.bin\\bcrypt.ps1'
16 silly reify ]
17 silly reify moves {
17 silly reify   'D:\\MERAKI_Academy\\Projects\\MERAKI_Academy_Project_4\\backend\\node_modules\\bcryptjs': 'D:\\MERAKI_Academy\\Projects\\MERAKI_Academy_Project_4\\backend\\node_modules\\.bcryptjs-TrSrhAbR',
17 silly reify   'D:\\MERAKI_Academy\\Projects\\MERAKI_Academy_Project_4\\backend\\node_modules\\.bin\\bcrypt': 'D:\\MERAKI_Academy\\Projects\\MERAKI_Academy_Project_4\\backend\\node_modules\\.bin\\.bcrypt-EpJe6VZf',
17 silly reify   'D:\\MERAKI_Academy\\Projects\\MERAKI_Academy_Project_4\\backend\\node_modules\\.bin\\bcrypt.cmd': 'D:\\MERAKI_Academy\\Projects\\MERAKI_Academy_Project_4\\backend\\node_modules\\.bin\\.bcrypt.cmd-WAv7U1vM',
17 silly reify   'D:\\MERAKI_Academy\\Projects\\MERAKI_Academy_Project_4\\backend\\node_modules\\.bin\\bcrypt.ps1': 'D:\\MERAKI_Academy\\Projects\\MERAKI_Academy_Project_4\\backend\\node_modules\\.bin\\.bcrypt.ps1-yfkAkAH0'
17 silly reify }
18 silly audit bulk request {
18 silly audit   '@mongodb-js/saslprep': [ '1.3.0' ],
18 silly audit   '@types/webidl-conversions': [ '7.0.3' ],
18 silly audit   '@types/whatwg-url': [ '11.0.5' ],
18 silly audit   accepts: [ '1.3.8' ],
18 silly audit   'array-flatten': [ '1.1.1' ],
18 silly audit   'body-parser': [ '1.20.3' ],
18 silly audit   bson: [ '6.10.4' ],
18 silly audit   'buffer-equal-constant-time': [ '1.0.1' ],
18 silly audit   bytes: [ '3.1.2' ],
18 silly audit   'call-bind-apply-helpers': [ '1.0.2' ],
18 silly audit   'call-bound': [ '1.0.4' ],
18 silly audit   'content-disposition': [ '0.5.4' ],
18 silly audit   'content-type': [ '1.0.5' ],
18 silly audit   cookie: [ '0.7.1' ],
18 silly audit   'cookie-signature': [ '1.0.6' ],
18 silly audit   cors: [ '2.8.5' ],
18 silly audit   debug: [ '2.6.9', '4.4.1' ],
18 silly audit   depd: [ '2.0.0' ],
18 silly audit   destroy: [ '1.2.0' ],
18 silly audit   dotenv: [ '16.6.1' ],
18 silly audit   'dunder-proto': [ '1.0.1' ],
18 silly audit   'ecdsa-sig-formatter': [ '1.0.11' ],
18 silly audit   'ee-first': [ '1.1.1' ],
18 silly audit   encodeurl: [ '2.0.0', '1.0.2' ],
18 silly audit   'es-define-property': [ '1.0.1' ],
18 silly audit   'es-errors': [ '1.3.0' ],
18 silly audit   'es-object-atoms': [ '1.1.1' ],
18 silly audit   'escape-html': [ '1.0.3' ],
18 silly audit   etag: [ '1.8.1' ],
18 silly audit   express: [ '4.21.2' ],
18 silly audit   finalhandler: [ '1.3.1' ],
18 silly audit   forwarded: [ '0.2.0' ],
18 silly audit   fresh: [ '0.5.2' ],
18 silly audit   'function-bind': [ '1.1.2' ],
18 silly audit   'get-intrinsic': [ '1.3.0' ],
18 silly audit   'get-proto': [ '1.0.1' ],
18 silly audit   gopd: [ '1.2.0' ],
18 silly audit   'has-symbols': [ '1.1.0' ],
18 silly audit   hasown: [ '2.0.2' ],
18 silly audit   'http-errors': [ '2.0.0' ],
18 silly audit   'iconv-lite': [ '0.4.24' ],
18 silly audit   inherits: [ '2.0.4' ],
18 silly audit   'ipaddr.js': [ '1.9.1' ],
18 silly audit   jsonwebtoken: [ '9.0.2' ],
18 silly audit   ms: [ '2.1.3', '2.0.0' ],
18 silly audit   jwa: [ '1.4.2' ],
18 silly audit   jws: [ '3.2.2' ],
18 silly audit   kareem: [ '2.6.3' ],
18 silly audit   'lodash.includes': [ '4.3.0' ],
18 silly audit   'lodash.isboolean': [ '3.0.3' ],
18 silly audit   'lodash.isinteger': [ '4.0.4' ],
18 silly audit   'lodash.isnumber': [ '3.0.3' ],
18 silly audit   'lodash.isplainobject': [ '4.0.6' ],
18 silly audit   'lodash.isstring': [ '4.0.1' ],
18 silly audit   'lodash.once': [ '4.1.1' ],
18 silly audit   'math-intrinsics': [ '1.1.0' ],
18 silly audit   'media-typer': [ '0.3.0' ],
18 silly audit   'memory-pager': [ '1.5.0' ],
18 silly audit   'merge-descriptors': [ '1.0.3' ],
18 silly audit   methods: [ '1.1.2' ],
18 silly audit   mime: [ '1.6.0' ],
18 silly audit   'mime-db': [ '1.52.0' ],
18 silly audit   'mime-types': [ '2.1.35' ],
18 silly audit   mongodb: [ '6.18.0' ],
18 silly audit   'mongodb-connection-string-url': [ '3.0.2' ],
18 silly audit   mongoose: [ '8.17.1' ],
18 silly audit   mpath: [ '0.9.0' ],
18 silly audit   mquery: [ '5.0.0' ],
18 silly audit   negotiator: [ '0.6.3' ],
18 silly audit   'object-assign': [ '4.1.1' ],
18 silly audit   'object-inspect': [ '1.13.4' ],
18 silly audit   'on-finished': [ '2.4.1' ],
18 silly audit   parseurl: [ '1.3.3' ],
18 silly audit   'path-to-regexp': [ '0.1.12' ],
18 silly audit   'proxy-addr': [ '2.0.7' ],
18 silly audit   punycode: [ '2.3.1' ],
18 silly audit   qs: [ '6.13.0' ],
18 silly audit   'range-parser': [ '1.2.1' ],
18 silly audit   'raw-body': [ '2.5.2' ],
18 silly audit   'safe-buffer': [ '5.2.1' ],
18 silly audit   'safer-buffer': [ '2.1.2' ],
18 silly audit   semver: [ '7.7.2' ],
18 silly audit   send: [ '0.19.0' ],
18 silly audit   'serve-static': [ '1.16.2' ],
18 silly audit   setprototypeof: [ '1.2.0' ],
18 silly audit   'side-channel': [ '1.1.0' ],
18 silly audit   'side-channel-list': [ '1.0.0' ],
18 silly audit   'side-channel-map': [ '1.0.1' ],
18 silly audit   'side-channel-weakmap': [ '1.0.2' ],
18 silly audit   sift: [ '17.1.3' ],
18 silly audit   'sparse-bitfield': [ '3.0.3' ],
18 silly audit   statuses: [ '2.0.1' ],
18 silly audit   toidentifier: [ '1.0.1' ],
18 silly audit   tr46: [ '5.1.1' ],
18 silly audit   'type-is': [ '1.6.18' ],
18 silly audit   unpipe: [ '1.0.0' ],
18 silly audit   'utils-merge': [ '1.0.1' ],
18 silly audit   vary: [ '1.1.2' ],
18 silly audit   'webidl-conversions': [ '7.0.0' ],
18 silly audit   'whatwg-url': [ '14.2.0' ]
18 silly audit }
19 http fetch POST 200 https://registry.npmjs.org/-/npm/v1/security/advisories/bulk 813ms
20 silly audit report {}
21 silly REMOVE node_modules/bcryptjs
22 verbose cwd D:\MERAKI_Academy\Projects\MERAKI_Academy_Project_4\backend
23 verbose os Windows_NT 10.0.19045
24 verbose node v22.17.0
25 verbose npm  v10.9.2
26 verbose exit 0
27 info ok
