0 verbose cli C:\Program Files\nodejs\node.exe C:\Program Files\nodejs\node_modules\npm\bin\npm-cli.js
1 info using npm@10.9.2
2 info using node@v22.17.0
3 silly config load:file:C:\Program Files\nodejs\node_modules\npm\npmrc
4 silly config load:file:D:\MERAKI_Academy\Projects\MERAKI_Academy_Project_4\backend\.npmrc
5 silly config load:file:C:\Users\LENOVO\.npmrc
6 silly config load:file:C:\Users\LENOVO\AppData\Roaming\npm\etc\npmrc
7 verbose title npm uninstall
8 verbose argv "uninstall"
9 verbose logfile logs-max:10 dir:D:\MERAKI_Academy\Projects\MERAKI_Academy_Project_4\backend\npm-cache\_logs\2025-08-26T16_20_52_491Z-
10 verbose logfile D:\MERAKI_Academy\Projects\MERAKI_Academy_Project_4\backend\npm-cache\_logs\2025-08-26T16_20_52_491Z-debug-0.log
11 silly logfile done cleaning log files
12 verbose stack Error: Must provide a package name to remove
12 verbose stack     at Uninstall.exec (C:\Program Files\nodejs\node_modules\npm\lib\commands\uninstall.js:23:15)
12 verbose stack     at C:\Program Files\nodejs\node_modules\npm\lib\npm.js:255:63
12 verbose stack     at Object.start (C:\Program Files\nodejs\node_modules\npm\node_modules\proc-log\lib\index.js:101:21)
12 verbose stack     at #exec (C:\Program Files\nodejs\node_modules\npm\lib\npm.js:254:17)
12 verbose stack     at async Npm.exec (C:\Program Files\nodejs\node_modules\npm\lib\npm.js:207:9)
12 verbose stack     at async module.exports (C:\Program Files\nodejs\node_modules\npm\lib\cli\entry.js:74:5)
13 error Must provide a package name to remove
14 verbose cwd D:\MERAKI_Academy\Projects\MERAKI_Academy_Project_4\backend
15 verbose os Windows_NT 10.0.19045
16 verbose node v22.17.0
17 verbose npm  v10.9.2
18 verbose exit 1
19 verbose code 1
20 error A complete log of this run can be found in: D:\MERAKI_Academy\Projects\MERAKI_Academy_Project_4\backend\npm-cache\_logs\2025-08-26T16_20_52_491Z-debug-0.log
